The system is: Darwin - 16.0.0 - x86_64
Compiling the C compiler identification source file "CMakeCCompilerId.c" succeeded.
Compiler: /usr/local/bin/gcc 
Build flags: 
Id flags:  

The output was:
0


Compilation of the C compiler identification source "CMakeCCompilerId.c" produced "a.out"

The C compiler identification is GNU, found in "/Users/sunmingze/Documents/xiaomi_code/tensorflow-service-example/cmake-build-debug/CMakeFiles/3.8.0/CompilerIdC/a.out"

Compiling the CXX compiler identification source file "CMakeCXXCompilerId.cpp" succeeded.
Compiler: /usr/local/bin/++ 
Build flags: 
Id flags:  

The output was:
0


Compilation of the CXX compiler identification source "CMakeCXXCompilerId.cpp" produced "a.out"

The CXX compiler identification is GNU, found in "/Users/sunmingze/Documents/xiaomi_code/tensorflow-service-example/cmake-build-debug/CMakeFiles/3.8.0/CompilerIdCXX/a.out"

Determining if the C compiler works passed with the following output:
Change Dir: /Users/sunmingze/Documents/xiaomi_code/tensorflow-service-example/cmake-build-debug/CMakeFiles/CMakeTmp

Run Build Command:"/usr/bin/make" "cmTC_40d2e/fast"
/Library/Developer/CommandLineTools/usr/bin/make -f CMakeFiles/cmTC_40d2e.dir/build.make CMakeFiles/cmTC_40d2e.dir/build
Building C object CMakeFiles/cmTC_40d2e.dir/testCCompiler.c.o
/usr/local/bin/gcc    -o CMakeFiles/cmTC_40d2e.dir/testCCompiler.c.o   -c /Users/sunmingze/Documents/xiaomi_code/tensorflow-service-example/cmake-build-debug/CMakeFiles/CMakeTmp/testCCompiler.c
Linking C executable cmTC_40d2e
/Users/sunmingze/cmake-3.8.0-Darwin-x86_64/CMake.app/Contents/bin/cmake -E cmake_link_script CMakeFiles/cmTC_40d2e.dir/link.txt --verbose=1
/usr/local/bin/gcc   -Wl,-search_paths_first -Wl,-headerpad_max_install_names   CMakeFiles/cmTC_40d2e.dir/testCCompiler.c.o  -o cmTC_40d2e 


Detecting C compiler ABI info compiled with the following output:
Change Dir: /Users/sunmingze/Documents/xiaomi_code/tensorflow-service-example/cmake-build-debug/CMakeFiles/CMakeTmp

Run Build Command:"/usr/bin/make" "cmTC_312d0/fast"
/Library/Developer/CommandLineTools/usr/bin/make -f CMakeFiles/cmTC_312d0.dir/build.make CMakeFiles/cmTC_312d0.dir/build
Building C object CMakeFiles/cmTC_312d0.dir/CMakeCCompilerABI.c.o
/usr/local/bin/gcc    -o CMakeFiles/cmTC_312d0.dir/CMakeCCompilerABI.c.o   -c /Users/sunmingze/cmake-3.8.0-Darwin-x86_64/CMake.app/Contents/share/cmake-3.8/Modules/CMakeCCompilerABI.c
Linking C executable cmTC_312d0
/Users/sunmingze/cmake-3.8.0-Darwin-x86_64/CMake.app/Contents/bin/cmake -E cmake_link_script CMakeFiles/cmTC_312d0.dir/link.txt --verbose=1
/usr/local/bin/gcc   -Wl,-search_paths_first -Wl,-headerpad_max_install_names  -v -Wl,-v CMakeFiles/cmTC_312d0.dir/CMakeCCompilerABI.c.o  -o cmTC_312d0 
Using built-in specs.
COLLECT_GCC=/usr/local/bin/gcc
COLLECT_LTO_WRAPPER=/usr/local/libexec/gcc/x86_64-apple-darwin15.6.0/7.1.0/lto-wrapper
Target: x86_64-apple-darwin15.6.0
Configured with: ../gcc-7.1.0/configure --enable-languages=c++,fortran
Thread model: posix
gcc version 7.1.0 (GCC) 
COMPILER_PATH=/usr/local/libexec/gcc/x86_64-apple-darwin15.6.0/7.1.0/:/usr/local/libexec/gcc/x86_64-apple-darwin15.6.0/7.1.0/:/usr/local/libexec/gcc/x86_64-apple-darwin15.6.0/:/usr/local/lib/gcc/x86_64-apple-darwin15.6.0/7.1.0/:/usr/local/lib/gcc/x86_64-apple-darwin15.6.0/
LIBRARY_PATH=/usr/local/lib/gcc/x86_64-apple-darwin15.6.0/7.1.0/:/usr/local/lib/gcc/x86_64-apple-darwin15.6.0/7.1.0/../../../
COLLECT_GCC_OPTIONS='-v' '-o' 'cmTC_312d0' '-mmacosx-version-min=10.12.0' '-asm_macosx_version_min=10.12' '-mtune=core2'
 /usr/local/libexec/gcc/x86_64-apple-darwin15.6.0/7.1.0/collect2 -dynamic -arch x86_64 -macosx_version_min 10.12.0 -weak_reference_mismatches non-weak -o cmTC_312d0 -L/usr/local/lib/gcc/x86_64-apple-darwin15.6.0/7.1.0 -L/usr/local/lib/gcc/x86_64-apple-darwin15.6.0/7.1.0/../../.. -search_paths_first -headerpad_max_install_names -v CMakeFiles/cmTC_312d0.dir/CMakeCCompilerABI.c.o -no_compact_unwind -lSystem -lgcc_ext.10.5 -lgcc -lSystem -v
collect2 version 7.1.0
/usr/bin/ld -dynamic -arch x86_64 -macosx_version_min 10.12.0 -weak_reference_mismatches non-weak -o cmTC_312d0 -L/usr/local/lib/gcc/x86_64-apple-darwin15.6.0/7.1.0 -L/usr/local/lib/gcc/x86_64-apple-darwin15.6.0/7.1.0/../../.. -search_paths_first -headerpad_max_install_names -v CMakeFiles/cmTC_312d0.dir/CMakeCCompilerABI.c.o -no_compact_unwind -lSystem -lgcc_ext.10.5 -lgcc -lSystem -v
@(#)PROGRAM:ld  PROJECT:ld64-302.3
configured to support archs: armv6 armv7 armv7s arm64 i386 x86_64 x86_64h armv6m armv7k armv7m armv7em (tvOS)
@(#)PROGRAM:ld  PROJECT:ld64-302.3
configured to support archs: armv6 armv7 armv7s arm64 i386 x86_64 x86_64h armv6m armv7k armv7m armv7em (tvOS)
Library search paths:
	/usr/local/lib/gcc/x86_64-apple-darwin15.6.0/7.1.0
	/usr/local/lib
	/usr/lib
	/usr/local/lib
Framework search paths:
	/Library/Frameworks/
	/System/Library/Frameworks/
 /usr/bin/nm -n CMakeFiles/cmTC_312d0.dir/CMakeCCompilerABI.c.o


Parsed C implicit link information from above output:
  link line regex: [^( *|.*[/\])(ld|([^/\]+-)?ld|collect2)[^/\]*( |$)]
  ignore line: [Change Dir: /Users/sunmingze/Documents/xiaomi_code/tensorflow-service-example/cmake-build-debug/CMakeFiles/CMakeTmp]
  ignore line: []
  ignore line: [Run Build Command:"/usr/bin/make" "cmTC_312d0/fast"]
  ignore line: [/Library/Developer/CommandLineTools/usr/bin/make -f CMakeFiles/cmTC_312d0.dir/build.make CMakeFiles/cmTC_312d0.dir/build]
  ignore line: [Building C object CMakeFiles/cmTC_312d0.dir/CMakeCCompilerABI.c.o]
  ignore line: [/usr/local/bin/gcc    -o CMakeFiles/cmTC_312d0.dir/CMakeCCompilerABI.c.o   -c /Users/sunmingze/cmake-3.8.0-Darwin-x86_64/CMake.app/Contents/share/cmake-3.8/Modules/CMakeCCompilerABI.c]
  ignore line: [Linking C executable cmTC_312d0]
  ignore line: [/Users/sunmingze/cmake-3.8.0-Darwin-x86_64/CMake.app/Contents/bin/cmake -E cmake_link_script CMakeFiles/cmTC_312d0.dir/link.txt --verbose=1]
  ignore line: [/usr/local/bin/gcc   -Wl,-search_paths_first -Wl,-headerpad_max_install_names  -v -Wl,-v CMakeFiles/cmTC_312d0.dir/CMakeCCompilerABI.c.o  -o cmTC_312d0 ]
  ignore line: [Using built-in specs.]
  ignore line: [COLLECT_GCC=/usr/local/bin/gcc]
  ignore line: [COLLECT_LTO_WRAPPER=/usr/local/libexec/gcc/x86_64-apple-darwin15.6.0/7.1.0/lto-wrapper]
  ignore line: [Target: x86_64-apple-darwin15.6.0]
  ignore line: [Configured with: ../gcc-7.1.0/configure --enable-languages=c++,fortran]
  ignore line: [Thread model: posix]
  ignore line: [gcc version 7.1.0 (GCC) ]
  ignore line: [COMPILER_PATH=/usr/local/libexec/gcc/x86_64-apple-darwin15.6.0/7.1.0/:/usr/local/libexec/gcc/x86_64-apple-darwin15.6.0/7.1.0/:/usr/local/libexec/gcc/x86_64-apple-darwin15.6.0/:/usr/local/lib/gcc/x86_64-apple-darwin15.6.0/7.1.0/:/usr/local/lib/gcc/x86_64-apple-darwin15.6.0/]
  ignore line: [LIBRARY_PATH=/usr/local/lib/gcc/x86_64-apple-darwin15.6.0/7.1.0/:/usr/local/lib/gcc/x86_64-apple-darwin15.6.0/7.1.0/../../../]
  ignore line: [COLLECT_GCC_OPTIONS='-v' '-o' 'cmTC_312d0' '-mmacosx-version-min=10.12.0' '-asm_macosx_version_min=10.12' '-mtune=core2']
  link line: [ /usr/local/libexec/gcc/x86_64-apple-darwin15.6.0/7.1.0/collect2 -dynamic -arch x86_64 -macosx_version_min 10.12.0 -weak_reference_mismatches non-weak -o cmTC_312d0 -L/usr/local/lib/gcc/x86_64-apple-darwin15.6.0/7.1.0 -L/usr/local/lib/gcc/x86_64-apple-darwin15.6.0/7.1.0/../../.. -search_paths_first -headerpad_max_install_names -v CMakeFiles/cmTC_312d0.dir/CMakeCCompilerABI.c.o -no_compact_unwind -lSystem -lgcc_ext.10.5 -lgcc -lSystem -v]
    arg [/usr/local/libexec/gcc/x86_64-apple-darwin15.6.0/7.1.0/collect2] ==> ignore
    arg [-dynamic] ==> ignore
    arg [-arch] ==> ignore
    arg [x86_64] ==> ignore
    arg [-macosx_version_min] ==> ignore
    arg [10.12.0] ==> ignore
    arg [-weak_reference_mismatches] ==> ignore
    arg [non-weak] ==> ignore
    arg [-o] ==> ignore
    arg [cmTC_312d0] ==> ignore
    arg [-L/usr/local/lib/gcc/x86_64-apple-darwin15.6.0/7.1.0] ==> dir [/usr/local/lib/gcc/x86_64-apple-darwin15.6.0/7.1.0]
    arg [-L/usr/local/lib/gcc/x86_64-apple-darwin15.6.0/7.1.0/../../..] ==> dir [/usr/local/lib/gcc/x86_64-apple-darwin15.6.0/7.1.0/../../..]
    arg [-search_paths_first] ==> ignore
    arg [-headerpad_max_install_names] ==> ignore
    arg [-v] ==> ignore
    arg [CMakeFiles/cmTC_312d0.dir/CMakeCCompilerABI.c.o] ==> ignore
    arg [-no_compact_unwind] ==> ignore
    arg [-lSystem] ==> lib [System]
    arg [-lgcc_ext.10.5] ==> lib [gcc_ext.10.5]
    arg [-lgcc] ==> lib [gcc]
    arg [-lSystem] ==> lib [System]
    arg [-v] ==> ignore
  Library search paths: [;/usr/local/lib/gcc/x86_64-apple-darwin15.6.0/7.1.0;/usr/local/lib;/usr/lib;/usr/local/lib]
  Framework search paths: [;/Library/Frameworks/;/System/Library/Frameworks/]
  remove lib [System]
  remove lib [gcc_ext.10.5]
  remove lib [gcc]
  remove lib [System]
  collapse library dir [/usr/local/lib/gcc/x86_64-apple-darwin15.6.0/7.1.0] ==> [/usr/local/lib/gcc/x86_64-apple-darwin15.6.0/7.1.0]
  collapse library dir [/usr/local/lib/gcc/x86_64-apple-darwin15.6.0/7.1.0/../../..] ==> [/usr/local/lib]
  collapse library dir [/usr/local/lib/gcc/x86_64-apple-darwin15.6.0/7.1.0] ==> [/usr/local/lib/gcc/x86_64-apple-darwin15.6.0/7.1.0]
  collapse library dir [/usr/local/lib] ==> [/usr/local/lib]
  collapse library dir [/usr/lib] ==> [/usr/lib]
  collapse library dir [/usr/local/lib] ==> [/usr/local/lib]
  collapse framework dir [/Library/Frameworks/] ==> [/Library/Frameworks]
  collapse framework dir [/System/Library/Frameworks/] ==> [/System/Library/Frameworks]
  implicit libs: []
  implicit dirs: [/usr/local/lib/gcc/x86_64-apple-darwin15.6.0/7.1.0;/usr/local/lib;/usr/lib]
  implicit fwks: [/Library/Frameworks;/System/Library/Frameworks]




Detecting C [-std=c11] compiler features compiled with the following output:
Change Dir: /Users/sunmingze/Documents/xiaomi_code/tensorflow-service-example/cmake-build-debug/CMakeFiles/CMakeTmp

Run Build Command:"/usr/bin/make" "cmTC_12c49/fast"
/Library/Developer/CommandLineTools/usr/bin/make -f CMakeFiles/cmTC_12c49.dir/build.make CMakeFiles/cmTC_12c49.dir/build
Building C object CMakeFiles/cmTC_12c49.dir/feature_tests.c.o
/usr/local/bin/gcc   -std=c11 -o CMakeFiles/cmTC_12c49.dir/feature_tests.c.o   -c /Users/sunmingze/Documents/xiaomi_code/tensorflow-service-example/cmake-build-debug/CMakeFiles/feature_tests.c
Linking C executable cmTC_12c49
/Users/sunmingze/cmake-3.8.0-Darwin-x86_64/CMake.app/Contents/bin/cmake -E cmake_link_script CMakeFiles/cmTC_12c49.dir/link.txt --verbose=1
/usr/local/bin/gcc   -Wl,-search_paths_first -Wl,-headerpad_max_install_names   CMakeFiles/cmTC_12c49.dir/feature_tests.c.o  -o cmTC_12c49 


    Feature record: C_FEATURE:1c_function_prototypes
    Feature record: C_FEATURE:1c_restrict
    Feature record: C_FEATURE:1c_static_assert
    Feature record: C_FEATURE:1c_variadic_macros


Detecting C [-std=c99] compiler features compiled with the following output:
Change Dir: /Users/sunmingze/Documents/xiaomi_code/tensorflow-service-example/cmake-build-debug/CMakeFiles/CMakeTmp

Run Build Command:"/usr/bin/make" "cmTC_412aa/fast"
/Library/Developer/CommandLineTools/usr/bin/make -f CMakeFiles/cmTC_412aa.dir/build.make CMakeFiles/cmTC_412aa.dir/build
Building C object CMakeFiles/cmTC_412aa.dir/feature_tests.c.o
/usr/local/bin/gcc   -std=c99 -o CMakeFiles/cmTC_412aa.dir/feature_tests.c.o   -c /Users/sunmingze/Documents/xiaomi_code/tensorflow-service-example/cmake-build-debug/CMakeFiles/feature_tests.c
Linking C executable cmTC_412aa
/Users/sunmingze/cmake-3.8.0-Darwin-x86_64/CMake.app/Contents/bin/cmake -E cmake_link_script CMakeFiles/cmTC_412aa.dir/link.txt --verbose=1
/usr/local/bin/gcc   -Wl,-search_paths_first -Wl,-headerpad_max_install_names   CMakeFiles/cmTC_412aa.dir/feature_tests.c.o  -o cmTC_412aa 


    Feature record: C_FEATURE:1c_function_prototypes
    Feature record: C_FEATURE:1c_restrict
    Feature record: C_FEATURE:0c_static_assert
    Feature record: C_FEATURE:1c_variadic_macros


Detecting C [-std=c90] compiler features compiled with the following output:
Change Dir: /Users/sunmingze/Documents/xiaomi_code/tensorflow-service-example/cmake-build-debug/CMakeFiles/CMakeTmp

Run Build Command:"/usr/bin/make" "cmTC_a4784/fast"
/Library/Developer/CommandLineTools/usr/bin/make -f CMakeFiles/cmTC_a4784.dir/build.make CMakeFiles/cmTC_a4784.dir/build
Building C object CMakeFiles/cmTC_a4784.dir/feature_tests.c.o
/usr/local/bin/gcc   -std=c90 -o CMakeFiles/cmTC_a4784.dir/feature_tests.c.o   -c /Users/sunmingze/Documents/xiaomi_code/tensorflow-service-example/cmake-build-debug/CMakeFiles/feature_tests.c
Linking C executable cmTC_a4784
/Users/sunmingze/cmake-3.8.0-Darwin-x86_64/CMake.app/Contents/bin/cmake -E cmake_link_script CMakeFiles/cmTC_a4784.dir/link.txt --verbose=1
/usr/local/bin/gcc   -Wl,-search_paths_first -Wl,-headerpad_max_install_names   CMakeFiles/cmTC_a4784.dir/feature_tests.c.o  -o cmTC_a4784 


    Feature record: C_FEATURE:1c_function_prototypes
    Feature record: C_FEATURE:0c_restrict
    Feature record: C_FEATURE:0c_static_assert
    Feature record: C_FEATURE:0c_variadic_macros
Determining if the CXX compiler works passed with the following output:
Change Dir: /Users/sunmingze/Documents/xiaomi_code/tensorflow-service-example/cmake-build-debug/CMakeFiles/CMakeTmp

Run Build Command:"/usr/bin/make" "cmTC_964cf/fast"
/Library/Developer/CommandLineTools/usr/bin/make -f CMakeFiles/cmTC_964cf.dir/build.make CMakeFiles/cmTC_964cf.dir/build
Building CXX object CMakeFiles/cmTC_964cf.dir/testCXXCompiler.cxx.o
/usr/local/bin/++     -o CMakeFiles/cmTC_964cf.dir/testCXXCompiler.cxx.o -c /Users/sunmingze/Documents/xiaomi_code/tensorflow-service-example/cmake-build-debug/CMakeFiles/CMakeTmp/testCXXCompiler.cxx
Linking CXX executable cmTC_964cf
/Users/sunmingze/cmake-3.8.0-Darwin-x86_64/CMake.app/Contents/bin/cmake -E cmake_link_script CMakeFiles/cmTC_964cf.dir/link.txt --verbose=1
/usr/local/bin/++    -Wl,-search_paths_first -Wl,-headerpad_max_install_names   CMakeFiles/cmTC_964cf.dir/testCXXCompiler.cxx.o  -o cmTC_964cf 


Detecting CXX compiler ABI info compiled with the following output:
Change Dir: /Users/sunmingze/Documents/xiaomi_code/tensorflow-service-example/cmake-build-debug/CMakeFiles/CMakeTmp

Run Build Command:"/usr/bin/make" "cmTC_0c521/fast"
/Library/Developer/CommandLineTools/usr/bin/make -f CMakeFiles/cmTC_0c521.dir/build.make CMakeFiles/cmTC_0c521.dir/build
Building CXX object CMakeFiles/cmTC_0c521.dir/CMakeCXXCompilerABI.cpp.o
/usr/local/bin/++     -o CMakeFiles/cmTC_0c521.dir/CMakeCXXCompilerABI.cpp.o -c /Users/sunmingze/cmake-3.8.0-Darwin-x86_64/CMake.app/Contents/share/cmake-3.8/Modules/CMakeCXXCompilerABI.cpp
Linking CXX executable cmTC_0c521
/Users/sunmingze/cmake-3.8.0-Darwin-x86_64/CMake.app/Contents/bin/cmake -E cmake_link_script CMakeFiles/cmTC_0c521.dir/link.txt --verbose=1
/usr/local/bin/++    -Wl,-search_paths_first -Wl,-headerpad_max_install_names  -v -Wl,-v CMakeFiles/cmTC_0c521.dir/CMakeCXXCompilerABI.cpp.o  -o cmTC_0c521 
Using built-in specs.
COLLECT_GCC=/usr/local/bin/++
COLLECT_LTO_WRAPPER=/usr/local/libexec/gcc/x86_64-apple-darwin15.6.0/7.1.0/lto-wrapper
Target: x86_64-apple-darwin15.6.0
Configured with: ../gcc-7.1.0/configure --enable-languages=c++,fortran
Thread model: posix
gcc version 7.1.0 (GCC) 
COMPILER_PATH=/usr/local/libexec/gcc/x86_64-apple-darwin15.6.0/7.1.0/:/usr/local/libexec/gcc/x86_64-apple-darwin15.6.0/7.1.0/:/usr/local/libexec/gcc/x86_64-apple-darwin15.6.0/:/usr/local/lib/gcc/x86_64-apple-darwin15.6.0/7.1.0/:/usr/local/lib/gcc/x86_64-apple-darwin15.6.0/
LIBRARY_PATH=/usr/local/lib/gcc/x86_64-apple-darwin15.6.0/7.1.0/:/usr/local/lib/gcc/x86_64-apple-darwin15.6.0/7.1.0/../../../
COLLECT_GCC_OPTIONS='-v' '-o' 'cmTC_0c521' '-mmacosx-version-min=10.12.0' '-asm_macosx_version_min=10.12' '-shared-libgcc' '-mtune=core2'
 /usr/local/libexec/gcc/x86_64-apple-darwin15.6.0/7.1.0/collect2 -dynamic -arch x86_64 -macosx_version_min 10.12.0 -weak_reference_mismatches non-weak -o cmTC_0c521 -L/usr/local/lib/gcc/x86_64-apple-darwin15.6.0/7.1.0 -L/usr/local/lib/gcc/x86_64-apple-darwin15.6.0/7.1.0/../../.. -search_paths_first -headerpad_max_install_names -v CMakeFiles/cmTC_0c521.dir/CMakeCXXCompilerABI.cpp.o -lstdc++ -no_compact_unwind -lSystem -lgcc_ext.10.5 -lgcc -lSystem -v
collect2 version 7.1.0
/usr/bin/ld -dynamic -arch x86_64 -macosx_version_min 10.12.0 -weak_reference_mismatches non-weak -o cmTC_0c521 -L/usr/local/lib/gcc/x86_64-apple-darwin15.6.0/7.1.0 -L/usr/local/lib/gcc/x86_64-apple-darwin15.6.0/7.1.0/../../.. -search_paths_first -headerpad_max_install_names -v CMakeFiles/cmTC_0c521.dir/CMakeCXXCompilerABI.cpp.o -lstdc++ -no_compact_unwind -lSystem -lgcc_ext.10.5 -lgcc -lSystem -v
@(#)PROGRAM:ld  PROJECT:ld64-302.3
configured to support archs: armv6 armv7 armv7s arm64 i386 x86_64 x86_64h armv6m armv7k armv7m armv7em (tvOS)
@(#)PROGRAM:ld  PROJECT:ld64-302.3
configured to support archs: armv6 armv7 armv7s arm64 i386 x86_64 x86_64h armv6m armv7k armv7m armv7em (tvOS)
Library search paths:
	/usr/local/lib/gcc/x86_64-apple-darwin15.6.0/7.1.0
	/usr/local/lib
	/usr/lib
	/usr/local/lib
Framework search paths:
	/Library/Frameworks/
	/System/Library/Frameworks/
 /usr/bin/nm -n CMakeFiles/cmTC_0c521.dir/CMakeCXXCompilerABI.cpp.o


Parsed CXX implicit link information from above output:
  link line regex: [^( *|.*[/\])(ld|([^/\]+-)?ld|collect2)[^/\]*( |$)]
  ignore line: [Change Dir: /Users/sunmingze/Documents/xiaomi_code/tensorflow-service-example/cmake-build-debug/CMakeFiles/CMakeTmp]
  ignore line: []
  ignore line: [Run Build Command:"/usr/bin/make" "cmTC_0c521/fast"]
  ignore line: [/Library/Developer/CommandLineTools/usr/bin/make -f CMakeFiles/cmTC_0c521.dir/build.make CMakeFiles/cmTC_0c521.dir/build]
  ignore line: [Building CXX object CMakeFiles/cmTC_0c521.dir/CMakeCXXCompilerABI.cpp.o]
  ignore line: [/usr/local/bin/++     -o CMakeFiles/cmTC_0c521.dir/CMakeCXXCompilerABI.cpp.o -c /Users/sunmingze/cmake-3.8.0-Darwin-x86_64/CMake.app/Contents/share/cmake-3.8/Modules/CMakeCXXCompilerABI.cpp]
  ignore line: [Linking CXX executable cmTC_0c521]
  ignore line: [/Users/sunmingze/cmake-3.8.0-Darwin-x86_64/CMake.app/Contents/bin/cmake -E cmake_link_script CMakeFiles/cmTC_0c521.dir/link.txt --verbose=1]
  ignore line: [/usr/local/bin/++    -Wl,-search_paths_first -Wl,-headerpad_max_install_names  -v -Wl,-v CMakeFiles/cmTC_0c521.dir/CMakeCXXCompilerABI.cpp.o  -o cmTC_0c521 ]
  ignore line: [Using built-in specs.]
  ignore line: [COLLECT_GCC=/usr/local/bin/++]
  ignore line: [COLLECT_LTO_WRAPPER=/usr/local/libexec/gcc/x86_64-apple-darwin15.6.0/7.1.0/lto-wrapper]
  ignore line: [Target: x86_64-apple-darwin15.6.0]
  ignore line: [Configured with: ../gcc-7.1.0/configure --enable-languages=c++,fortran]
  ignore line: [Thread model: posix]
  ignore line: [gcc version 7.1.0 (GCC) ]
  ignore line: [COMPILER_PATH=/usr/local/libexec/gcc/x86_64-apple-darwin15.6.0/7.1.0/:/usr/local/libexec/gcc/x86_64-apple-darwin15.6.0/7.1.0/:/usr/local/libexec/gcc/x86_64-apple-darwin15.6.0/:/usr/local/lib/gcc/x86_64-apple-darwin15.6.0/7.1.0/:/usr/local/lib/gcc/x86_64-apple-darwin15.6.0/]
  ignore line: [LIBRARY_PATH=/usr/local/lib/gcc/x86_64-apple-darwin15.6.0/7.1.0/:/usr/local/lib/gcc/x86_64-apple-darwin15.6.0/7.1.0/../../../]
  ignore line: [COLLECT_GCC_OPTIONS='-v' '-o' 'cmTC_0c521' '-mmacosx-version-min=10.12.0' '-asm_macosx_version_min=10.12' '-shared-libgcc' '-mtune=core2']
  link line: [ /usr/local/libexec/gcc/x86_64-apple-darwin15.6.0/7.1.0/collect2 -dynamic -arch x86_64 -macosx_version_min 10.12.0 -weak_reference_mismatches non-weak -o cmTC_0c521 -L/usr/local/lib/gcc/x86_64-apple-darwin15.6.0/7.1.0 -L/usr/local/lib/gcc/x86_64-apple-darwin15.6.0/7.1.0/../../.. -search_paths_first -headerpad_max_install_names -v CMakeFiles/cmTC_0c521.dir/CMakeCXXCompilerABI.cpp.o -lstdc++ -no_compact_unwind -lSystem -lgcc_ext.10.5 -lgcc -lSystem -v]
    arg [/usr/local/libexec/gcc/x86_64-apple-darwin15.6.0/7.1.0/collect2] ==> ignore
    arg [-dynamic] ==> ignore
    arg [-arch] ==> ignore
    arg [x86_64] ==> ignore
    arg [-macosx_version_min] ==> ignore
    arg [10.12.0] ==> ignore
    arg [-weak_reference_mismatches] ==> ignore
    arg [non-weak] ==> ignore
    arg [-o] ==> ignore
    arg [cmTC_0c521] ==> ignore
    arg [-L/usr/local/lib/gcc/x86_64-apple-darwin15.6.0/7.1.0] ==> dir [/usr/local/lib/gcc/x86_64-apple-darwin15.6.0/7.1.0]
    arg [-L/usr/local/lib/gcc/x86_64-apple-darwin15.6.0/7.1.0/../../..] ==> dir [/usr/local/lib/gcc/x86_64-apple-darwin15.6.0/7.1.0/../../..]
    arg [-search_paths_first] ==> ignore
    arg [-headerpad_max_install_names] ==> ignore
    arg [-v] ==> ignore
    arg [CMakeFiles/cmTC_0c521.dir/CMakeCXXCompilerABI.cpp.o] ==> ignore
    arg [-lstdc++] ==> lib [stdc++]
    arg [-no_compact_unwind] ==> ignore
    arg [-lSystem] ==> lib [System]
    arg [-lgcc_ext.10.5] ==> lib [gcc_ext.10.5]
    arg [-lgcc] ==> lib [gcc]
    arg [-lSystem] ==> lib [System]
    arg [-v] ==> ignore
  Library search paths: [;/usr/local/lib/gcc/x86_64-apple-darwin15.6.0/7.1.0;/usr/local/lib;/usr/lib;/usr/local/lib]
  Framework search paths: [;/Library/Frameworks/;/System/Library/Frameworks/]
  remove lib [System]
  remove lib [gcc_ext.10.5]
  remove lib [gcc]
  remove lib [System]
  collapse library dir [/usr/local/lib/gcc/x86_64-apple-darwin15.6.0/7.1.0] ==> [/usr/local/lib/gcc/x86_64-apple-darwin15.6.0/7.1.0]
  collapse library dir [/usr/local/lib/gcc/x86_64-apple-darwin15.6.0/7.1.0/../../..] ==> [/usr/local/lib]
  collapse library dir [/usr/local/lib/gcc/x86_64-apple-darwin15.6.0/7.1.0] ==> [/usr/local/lib/gcc/x86_64-apple-darwin15.6.0/7.1.0]
  collapse library dir [/usr/local/lib] ==> [/usr/local/lib]
  collapse library dir [/usr/lib] ==> [/usr/lib]
  collapse library dir [/usr/local/lib] ==> [/usr/local/lib]
  collapse framework dir [/Library/Frameworks/] ==> [/Library/Frameworks]
  collapse framework dir [/System/Library/Frameworks/] ==> [/System/Library/Frameworks]
  implicit libs: [stdc++]
  implicit dirs: [/usr/local/lib/gcc/x86_64-apple-darwin15.6.0/7.1.0;/usr/local/lib;/usr/lib]
  implicit fwks: [/Library/Frameworks;/System/Library/Frameworks]




Detecting CXX [-std=c++1z] compiler features compiled with the following output:
Change Dir: /Users/sunmingze/Documents/xiaomi_code/tensorflow-service-example/cmake-build-debug/CMakeFiles/CMakeTmp

Run Build Command:"/usr/bin/make" "cmTC_627ce/fast"
/Library/Developer/CommandLineTools/usr/bin/make -f CMakeFiles/cmTC_627ce.dir/build.make CMakeFiles/cmTC_627ce.dir/build
Building CXX object CMakeFiles/cmTC_627ce.dir/feature_tests.cxx.o
/usr/local/bin/++    -std=c++1z -o CMakeFiles/cmTC_627ce.dir/feature_tests.cxx.o -c /Users/sunmingze/Documents/xiaomi_code/tensorflow-service-example/cmake-build-debug/CMakeFiles/feature_tests.cxx
Linking CXX executable cmTC_627ce
/Users/sunmingze/cmake-3.8.0-Darwin-x86_64/CMake.app/Contents/bin/cmake -E cmake_link_script CMakeFiles/cmTC_627ce.dir/link.txt --verbose=1
/usr/local/bin/++    -Wl,-search_paths_first -Wl,-headerpad_max_install_names   CMakeFiles/cmTC_627ce.dir/feature_tests.cxx.o  -o cmTC_627ce 


    Feature record: CXX_FEATURE:1cxx_aggregate_default_initializers
    Feature record: CXX_FEATURE:1cxx_alias_templates
    Feature record: CXX_FEATURE:1cxx_alignas
    Feature record: CXX_FEATURE:1cxx_alignof
    Feature record: CXX_FEATURE:1cxx_attributes
    Feature record: CXX_FEATURE:1cxx_attribute_deprecated
    Feature record: CXX_FEATURE:1cxx_auto_type
    Feature record: CXX_FEATURE:1cxx_binary_literals
    Feature record: CXX_FEATURE:1cxx_constexpr
    Feature record: CXX_FEATURE:1cxx_contextual_conversions
    Feature record: CXX_FEATURE:1cxx_decltype
    Feature record: CXX_FEATURE:1cxx_decltype_auto
    Feature record: CXX_FEATURE:1cxx_decltype_incomplete_return_types
    Feature record: CXX_FEATURE:1cxx_default_function_template_args
    Feature record: CXX_FEATURE:1cxx_defaulted_functions
    Feature record: CXX_FEATURE:1cxx_defaulted_move_initializers
    Feature record: CXX_FEATURE:1cxx_delegating_constructors
    Feature record: CXX_FEATURE:1cxx_deleted_functions
    Feature record: CXX_FEATURE:1cxx_digit_separators
    Feature record: CXX_FEATURE:1cxx_enum_forward_declarations
    Feature record: CXX_FEATURE:1cxx_explicit_conversions
    Feature record: CXX_FEATURE:1cxx_extended_friend_declarations
    Feature record: CXX_FEATURE:1cxx_extern_templates
    Feature record: CXX_FEATURE:1cxx_final
    Feature record: CXX_FEATURE:1cxx_func_identifier
    Feature record: CXX_FEATURE:1cxx_generalized_initializers
    Feature record: CXX_FEATURE:1cxx_generic_lambdas
    Feature record: CXX_FEATURE:1cxx_inheriting_constructors
    Feature record: CXX_FEATURE:1cxx_inline_namespaces
    Feature record: CXX_FEATURE:1cxx_lambdas
    Feature record: CXX_FEATURE:1cxx_lambda_init_captures
    Feature record: CXX_FEATURE:1cxx_local_type_template_args
    Feature record: CXX_FEATURE:1cxx_long_long_type
    Feature record: CXX_FEATURE:1cxx_noexcept
    Feature record: CXX_FEATURE:1cxx_nonstatic_member_init
    Feature record: CXX_FEATURE:1cxx_nullptr
    Feature record: CXX_FEATURE:1cxx_override
    Feature record: CXX_FEATURE:1cxx_range_for
    Feature record: CXX_FEATURE:1cxx_raw_string_literals
    Feature record: CXX_FEATURE:1cxx_reference_qualified_functions
    Feature record: CXX_FEATURE:1cxx_relaxed_constexpr
    Feature record: CXX_FEATURE:1cxx_return_type_deduction
    Feature record: CXX_FEATURE:1cxx_right_angle_brackets
    Feature record: CXX_FEATURE:1cxx_rvalue_references
    Feature record: CXX_FEATURE:1cxx_sizeof_member
    Feature record: CXX_FEATURE:1cxx_static_assert
    Feature record: CXX_FEATURE:1cxx_strong_enums
    Feature record: CXX_FEATURE:1cxx_template_template_parameters
    Feature record: CXX_FEATURE:1cxx_thread_local
    Feature record: CXX_FEATURE:1cxx_trailing_return_types
    Feature record: CXX_FEATURE:1cxx_unicode_literals
    Feature record: CXX_FEATURE:1cxx_uniform_initialization
    Feature record: CXX_FEATURE:1cxx_unrestricted_unions
    Feature record: CXX_FEATURE:1cxx_user_literals
    Feature record: CXX_FEATURE:1cxx_variable_templates
    Feature record: CXX_FEATURE:1cxx_variadic_macros
    Feature record: CXX_FEATURE:1cxx_variadic_templates


Detecting CXX [-std=c++14] compiler features compiled with the following output:
Change Dir: /Users/sunmingze/Documents/xiaomi_code/tensorflow-service-example/cmake-build-debug/CMakeFiles/CMakeTmp

Run Build Command:"/usr/bin/make" "cmTC_dab6b/fast"
/Library/Developer/CommandLineTools/usr/bin/make -f CMakeFiles/cmTC_dab6b.dir/build.make CMakeFiles/cmTC_dab6b.dir/build
Building CXX object CMakeFiles/cmTC_dab6b.dir/feature_tests.cxx.o
/usr/local/bin/++    -std=c++14 -o CMakeFiles/cmTC_dab6b.dir/feature_tests.cxx.o -c /Users/sunmingze/Documents/xiaomi_code/tensorflow-service-example/cmake-build-debug/CMakeFiles/feature_tests.cxx
Linking CXX executable cmTC_dab6b
/Users/sunmingze/cmake-3.8.0-Darwin-x86_64/CMake.app/Contents/bin/cmake -E cmake_link_script CMakeFiles/cmTC_dab6b.dir/link.txt --verbose=1
/usr/local/bin/++    -Wl,-search_paths_first -Wl,-headerpad_max_install_names   CMakeFiles/cmTC_dab6b.dir/feature_tests.cxx.o  -o cmTC_dab6b 


    Feature record: CXX_FEATURE:1cxx_aggregate_default_initializers
    Feature record: CXX_FEATURE:1cxx_alias_templates
    Feature record: CXX_FEATURE:1cxx_alignas
    Feature record: CXX_FEATURE:1cxx_alignof
    Feature record: CXX_FEATURE:1cxx_attributes
    Feature record: CXX_FEATURE:1cxx_attribute_deprecated
    Feature record: CXX_FEATURE:1cxx_auto_type
    Feature record: CXX_FEATURE:1cxx_binary_literals
    Feature record: CXX_FEATURE:1cxx_constexpr
    Feature record: CXX_FEATURE:1cxx_contextual_conversions
    Feature record: CXX_FEATURE:1cxx_decltype
    Feature record: CXX_FEATURE:1cxx_decltype_auto
    Feature record: CXX_FEATURE:1cxx_decltype_incomplete_return_types
    Feature record: CXX_FEATURE:1cxx_default_function_template_args
    Feature record: CXX_FEATURE:1cxx_defaulted_functions
    Feature record: CXX_FEATURE:1cxx_defaulted_move_initializers
    Feature record: CXX_FEATURE:1cxx_delegating_constructors
    Feature record: CXX_FEATURE:1cxx_deleted_functions
    Feature record: CXX_FEATURE:1cxx_digit_separators
    Feature record: CXX_FEATURE:1cxx_enum_forward_declarations
    Feature record: CXX_FEATURE:1cxx_explicit_conversions
    Feature record: CXX_FEATURE:1cxx_extended_friend_declarations
    Feature record: CXX_FEATURE:1cxx_extern_templates
    Feature record: CXX_FEATURE:1cxx_final
    Feature record: CXX_FEATURE:1cxx_func_identifier
    Feature record: CXX_FEATURE:1cxx_generalized_initializers
    Feature record: CXX_FEATURE:1cxx_generic_lambdas
    Feature record: CXX_FEATURE:1cxx_inheriting_constructors
    Feature record: CXX_FEATURE:1cxx_inline_namespaces
    Feature record: CXX_FEATURE:1cxx_lambdas
    Feature record: CXX_FEATURE:1cxx_lambda_init_captures
    Feature record: CXX_FEATURE:1cxx_local_type_template_args
    Feature record: CXX_FEATURE:1cxx_long_long_type
    Feature record: CXX_FEATURE:1cxx_noexcept
    Feature record: CXX_FEATURE:1cxx_nonstatic_member_init
    Feature record: CXX_FEATURE:1cxx_nullptr
    Feature record: CXX_FEATURE:1cxx_override
    Feature record: CXX_FEATURE:1cxx_range_for
    Feature record: CXX_FEATURE:1cxx_raw_string_literals
    Feature record: CXX_FEATURE:1cxx_reference_qualified_functions
    Feature record: CXX_FEATURE:1cxx_relaxed_constexpr
    Feature record: CXX_FEATURE:1cxx_return_type_deduction
    Feature record: CXX_FEATURE:1cxx_right_angle_brackets
    Feature record: CXX_FEATURE:1cxx_rvalue_references
    Feature record: CXX_FEATURE:1cxx_sizeof_member
    Feature record: CXX_FEATURE:1cxx_static_assert
    Feature record: CXX_FEATURE:1cxx_strong_enums
    Feature record: CXX_FEATURE:1cxx_template_template_parameters
    Feature record: CXX_FEATURE:1cxx_thread_local
    Feature record: CXX_FEATURE:1cxx_trailing_return_types
    Feature record: CXX_FEATURE:1cxx_unicode_literals
    Feature record: CXX_FEATURE:1cxx_uniform_initialization
    Feature record: CXX_FEATURE:1cxx_unrestricted_unions
    Feature record: CXX_FEATURE:1cxx_user_literals
    Feature record: CXX_FEATURE:1cxx_variable_templates
    Feature record: CXX_FEATURE:1cxx_variadic_macros
    Feature record: CXX_FEATURE:1cxx_variadic_templates


Detecting CXX [-std=c++11] compiler features compiled with the following output:
Change Dir: /Users/sunmingze/Documents/xiaomi_code/tensorflow-service-example/cmake-build-debug/CMakeFiles/CMakeTmp

Run Build Command:"/usr/bin/make" "cmTC_8f2ac/fast"
/Library/Developer/CommandLineTools/usr/bin/make -f CMakeFiles/cmTC_8f2ac.dir/build.make CMakeFiles/cmTC_8f2ac.dir/build
Building CXX object CMakeFiles/cmTC_8f2ac.dir/feature_tests.cxx.o
/usr/local/bin/++    -std=c++11 -o CMakeFiles/cmTC_8f2ac.dir/feature_tests.cxx.o -c /Users/sunmingze/Documents/xiaomi_code/tensorflow-service-example/cmake-build-debug/CMakeFiles/feature_tests.cxx
Linking CXX executable cmTC_8f2ac
/Users/sunmingze/cmake-3.8.0-Darwin-x86_64/CMake.app/Contents/bin/cmake -E cmake_link_script CMakeFiles/cmTC_8f2ac.dir/link.txt --verbose=1
/usr/local/bin/++    -Wl,-search_paths_first -Wl,-headerpad_max_install_names   CMakeFiles/cmTC_8f2ac.dir/feature_tests.cxx.o  -o cmTC_8f2ac 


    Feature record: CXX_FEATURE:0cxx_aggregate_default_initializers
    Feature record: CXX_FEATURE:1cxx_alias_templates
    Feature record: CXX_FEATURE:1cxx_alignas
    Feature record: CXX_FEATURE:1cxx_alignof
    Feature record: CXX_FEATURE:1cxx_attributes
    Feature record: CXX_FEATURE:0cxx_attribute_deprecated
    Feature record: CXX_FEATURE:1cxx_auto_type
    Feature record: CXX_FEATURE:0cxx_binary_literals
    Feature record: CXX_FEATURE:1cxx_constexpr
    Feature record: CXX_FEATURE:0cxx_contextual_conversions
    Feature record: CXX_FEATURE:1cxx_decltype
    Feature record: CXX_FEATURE:0cxx_decltype_auto
    Feature record: CXX_FEATURE:1cxx_decltype_incomplete_return_types
    Feature record: CXX_FEATURE:1cxx_default_function_template_args
    Feature record: CXX_FEATURE:1cxx_defaulted_functions
    Feature record: CXX_FEATURE:1cxx_defaulted_move_initializers
    Feature record: CXX_FEATURE:1cxx_delegating_constructors
    Feature record: CXX_FEATURE:1cxx_deleted_functions
    Feature record: CXX_FEATURE:0cxx_digit_separators
    Feature record: CXX_FEATURE:1cxx_enum_forward_declarations
    Feature record: CXX_FEATURE:1cxx_explicit_conversions
    Feature record: CXX_FEATURE:1cxx_extended_friend_declarations
    Feature record: CXX_FEATURE:1cxx_extern_templates
    Feature record: CXX_FEATURE:1cxx_final
    Feature record: CXX_FEATURE:1cxx_func_identifier
    Feature record: CXX_FEATURE:1cxx_generalized_initializers
    Feature record: CXX_FEATURE:0cxx_generic_lambdas
    Feature record: CXX_FEATURE:1cxx_inheriting_constructors
    Feature record: CXX_FEATURE:1cxx_inline_namespaces
    Feature record: CXX_FEATURE:1cxx_lambdas
    Feature record: CXX_FEATURE:0cxx_lambda_init_captures
    Feature record: CXX_FEATURE:1cxx_local_type_template_args
    Feature record: CXX_FEATURE:1cxx_long_long_type
    Feature record: CXX_FEATURE:1cxx_noexcept
    Feature record: CXX_FEATURE:1cxx_nonstatic_member_init
    Feature record: CXX_FEATURE:1cxx_nullptr
    Feature record: CXX_FEATURE:1cxx_override
    Feature record: CXX_FEATURE:1cxx_range_for
    Feature record: CXX_FEATURE:1cxx_raw_string_literals
    Feature record: CXX_FEATURE:1cxx_reference_qualified_functions
    Feature record: CXX_FEATURE:0cxx_relaxed_constexpr
    Feature record: CXX_FEATURE:0cxx_return_type_deduction
    Feature record: CXX_FEATURE:1cxx_right_angle_brackets
    Feature record: CXX_FEATURE:1cxx_rvalue_references
    Feature record: CXX_FEATURE:1cxx_sizeof_member
    Feature record: CXX_FEATURE:1cxx_static_assert
    Feature record: CXX_FEATURE:1cxx_strong_enums
    Feature record: CXX_FEATURE:1cxx_template_template_parameters
    Feature record: CXX_FEATURE:1cxx_thread_local
    Feature record: CXX_FEATURE:1cxx_trailing_return_types
    Feature record: CXX_FEATURE:1cxx_unicode_literals
    Feature record: CXX_FEATURE:1cxx_uniform_initialization
    Feature record: CXX_FEATURE:1cxx_unrestricted_unions
    Feature record: CXX_FEATURE:1cxx_user_literals
    Feature record: CXX_FEATURE:0cxx_variable_templates
    Feature record: CXX_FEATURE:1cxx_variadic_macros
    Feature record: CXX_FEATURE:1cxx_variadic_templates


Detecting CXX [-std=c++98] compiler features compiled with the following output:
Change Dir: /Users/sunmingze/Documents/xiaomi_code/tensorflow-service-example/cmake-build-debug/CMakeFiles/CMakeTmp

Run Build Command:"/usr/bin/make" "cmTC_1ab76/fast"
/Library/Developer/CommandLineTools/usr/bin/make -f CMakeFiles/cmTC_1ab76.dir/build.make CMakeFiles/cmTC_1ab76.dir/build
Building CXX object CMakeFiles/cmTC_1ab76.dir/feature_tests.cxx.o
/usr/local/bin/++    -std=c++98 -o CMakeFiles/cmTC_1ab76.dir/feature_tests.cxx.o -c /Users/sunmingze/Documents/xiaomi_code/tensorflow-service-example/cmake-build-debug/CMakeFiles/feature_tests.cxx
Linking CXX executable cmTC_1ab76
/Users/sunmingze/cmake-3.8.0-Darwin-x86_64/CMake.app/Contents/bin/cmake -E cmake_link_script CMakeFiles/cmTC_1ab76.dir/link.txt --verbose=1
/usr/local/bin/++    -Wl,-search_paths_first -Wl,-headerpad_max_install_names   CMakeFiles/cmTC_1ab76.dir/feature_tests.cxx.o  -o cmTC_1ab76 


    Feature record: CXX_FEATURE:0cxx_aggregate_default_initializers
    Feature record: CXX_FEATURE:0cxx_alias_templates
    Feature record: CXX_FEATURE:0cxx_alignas
    Feature record: CXX_FEATURE:0cxx_alignof
    Feature record: CXX_FEATURE:0cxx_attributes
    Feature record: CXX_FEATURE:0cxx_attribute_deprecated
    Feature record: CXX_FEATURE:0cxx_auto_type
    Feature record: CXX_FEATURE:0cxx_binary_literals
    Feature record: CXX_FEATURE:0cxx_constexpr
    Feature record: CXX_FEATURE:0cxx_contextual_conversions
    Feature record: CXX_FEATURE:0cxx_decltype
    Feature record: CXX_FEATURE:0cxx_decltype_auto
    Feature record: CXX_FEATURE:0cxx_decltype_incomplete_return_types
    Feature record: CXX_FEATURE:0cxx_default_function_template_args
    Feature record: CXX_FEATURE:0cxx_defaulted_functions
    Feature record: CXX_FEATURE:0cxx_defaulted_move_initializers
    Feature record: CXX_FEATURE:0cxx_delegating_constructors
    Feature record: CXX_FEATURE:0cxx_deleted_functions
    Feature record: CXX_FEATURE:0cxx_digit_separators
    Feature record: CXX_FEATURE:0cxx_enum_forward_declarations
    Feature record: CXX_FEATURE:0cxx_explicit_conversions
    Feature record: CXX_FEATURE:0cxx_extended_friend_declarations
    Feature record: CXX_FEATURE:0cxx_extern_templates
    Feature record: CXX_FEATURE:0cxx_final
    Feature record: CXX_FEATURE:0cxx_func_identifier
    Feature record: CXX_FEATURE:0cxx_generalized_initializers
    Feature record: CXX_FEATURE:0cxx_generic_lambdas
    Feature record: CXX_FEATURE:0cxx_inheriting_constructors
    Feature record: CXX_FEATURE:0cxx_inline_namespaces
    Feature record: CXX_FEATURE:0cxx_lambdas
    Feature record: CXX_FEATURE:0cxx_lambda_init_captures
    Feature record: CXX_FEATURE:0cxx_local_type_template_args
    Feature record: CXX_FEATURE:0cxx_long_long_type
    Feature record: CXX_FEATURE:0cxx_noexcept
    Feature record: CXX_FEATURE:0cxx_nonstatic_member_init
    Feature record: CXX_FEATURE:0cxx_nullptr
    Feature record: CXX_FEATURE:0cxx_override
    Feature record: CXX_FEATURE:0cxx_range_for
    Feature record: CXX_FEATURE:0cxx_raw_string_literals
    Feature record: CXX_FEATURE:0cxx_reference_qualified_functions
    Feature record: CXX_FEATURE:0cxx_relaxed_constexpr
    Feature record: CXX_FEATURE:0cxx_return_type_deduction
    Feature record: CXX_FEATURE:0cxx_right_angle_brackets
    Feature record: CXX_FEATURE:0cxx_rvalue_references
    Feature record: CXX_FEATURE:0cxx_sizeof_member
    Feature record: CXX_FEATURE:0cxx_static_assert
    Feature record: CXX_FEATURE:0cxx_strong_enums
    Feature record: CXX_FEATURE:1cxx_template_template_parameters
    Feature record: CXX_FEATURE:0cxx_thread_local
    Feature record: CXX_FEATURE:0cxx_trailing_return_types
    Feature record: CXX_FEATURE:0cxx_unicode_literals
    Feature record: CXX_FEATURE:0cxx_uniform_initialization
    Feature record: CXX_FEATURE:0cxx_unrestricted_unions
    Feature record: CXX_FEATURE:0cxx_user_literals
    Feature record: CXX_FEATURE:0cxx_variable_templates
    Feature record: CXX_FEATURE:0cxx_variadic_macros
    Feature record: CXX_FEATURE:0cxx_variadic_templates
